<?xml version="1.0" encoding="UTF-8"?>
<testng-results skipped="0" failed="1" total="1" passed="0">
  <reporter-output>
    <line>
      <![CDATA[Launched Home page successfully]]>
    </line>
    <line>
      <![CDATA[Clicked on Login link]]>
    </line>
  </reporter-output>
  <suite name="Default suite" duration-ms="188002" started-at="2014-12-04T10:49:53Z" finished-at="2014-12-04T10:53:01Z">
    <groups>
    </groups>
    <test name="Default test" duration-ms="188002" started-at="2014-12-04T10:49:53Z" finished-at="2014-12-04T10:53:01Z">
      <class name="com.staples.saf.test.ATC001_Staples_AddSKUItem">
        <test-method status="PASS" signature="beforemethod()[pri:0, instance:com.staples.saf.test.ATC001_Staples_AddSKUItem@297e0d]" name="beforemethod" is-config="true" duration-ms="66471" started-at="2014-12-04T16:19:53Z" finished-at="2014-12-04T16:20:59Z">
          <reporter-output>
          </reporter-output>
        </test-method> <!-- beforemethod -->
        <test-method status="FAIL" signature="addSKUItem()[pri:0, instance:com.staples.saf.test.ATC001_Staples_AddSKUItem@297e0d]" name="addSKUItem" duration-ms="64378" started-at="2014-12-04T16:20:59Z" finished-at="2014-12-04T16:22:04Z">
          <exception class="org.openqa.selenium.NoSuchElementException">
            <message>
              <![CDATA[The element with id: MALLLOGON_ROW_COMPANY1 not found
For documentation on this error, please visit: http://seleniumhq.org/exceptions/no_such_element.html
Build info: version: '2.41.0', revision: '3192d8a6c4449dc285928ba024779344f5423c58', time: '2014-03-27 11:29:39'
System info: host: '01HW396676', ip: '10.132.123.29', os.name: 'Windows 7', os.arch: 'x86', os.version: '6.1', java.version: '1.7.0_04'
Driver info: driver.version: unknown]]>
            </message>
            <full-stacktrace>
              <![CDATA[org.openqa.selenium.NoSuchElementException: The element with id: MALLLOGON_ROW_COMPANY1 not found
For documentation on this error, please visit: http://seleniumhq.org/exceptions/no_such_element.html
Build info: version: '2.41.0', revision: '3192d8a6c4449dc285928ba024779344f5423c58', time: '2014-03-27 11:29:39'
System info: host: '01HW396676', ip: '10.132.123.29', os.name: 'Windows 7', os.arch: 'x86', os.version: '6.1', java.version: '1.7.0_04'
Driver info: driver.version: unknown
	at com.staples.saf.base.BasePage.type(BasePage.java:310)
	at com.staples.saf.pages.P002_SAdv_step_SALoginPage.userLogin(P002_SAdv_step_SALoginPage.java:41)
	at com.staples.saf.test.ATC001_Staples_AddSKUItem.addSKUItem(ATC001_Staples_AddSKUItem.java:85)
	at sun.reflect.NativeMethodAccessorImpl.invoke0(Native Method)
	at sun.reflect.NativeMethodAccessorImpl.invoke(NativeMethodAccessorImpl.java:57)
	at sun.reflect.DelegatingMethodAccessorImpl.invoke(DelegatingMethodAccessorImpl.java:43)
	at java.lang.reflect.Method.invoke(Method.java:601)
	at org.testng.internal.MethodInvocationHelper.invokeMethod(MethodInvocationHelper.java:84)
	at org.testng.internal.Invoker.invokeMethod(Invoker.java:714)
	at org.testng.internal.Invoker.invokeTestMethod(Invoker.java:901)
	at org.testng.internal.Invoker.invokeTestMethods(Invoker.java:1231)
	at org.testng.internal.TestMethodWorker.invokeTestMethods(TestMethodWorker.java:127)
	at org.testng.internal.TestMethodWorker.run(TestMethodWorker.java:111)
	at org.testng.TestRunner.privateRun(TestRunner.java:767)
	at org.testng.TestRunner.run(TestRunner.java:617)
	at org.testng.SuiteRunner.runTest(SuiteRunner.java:334)
	at org.testng.SuiteRunner.runSequentially(SuiteRunner.java:329)
	at org.testng.SuiteRunner.privateRun(SuiteRunner.java:291)
	at org.testng.SuiteRunner.run(SuiteRunner.java:240)
	at org.testng.SuiteRunnerWorker.runSuite(SuiteRunnerWorker.java:52)
	at org.testng.SuiteRunnerWorker.run(SuiteRunnerWorker.java:86)
	at org.testng.TestNG.runSuitesSequentially(TestNG.java:1224)
	at org.testng.TestNG.runSuitesLocally(TestNG.java:1149)
	at org.testng.TestNG.run(TestNG.java:1057)
	at org.testng.remote.RemoteTestNG.run(RemoteTestNG.java:111)
	at org.testng.remote.RemoteTestNG.initAndRun(RemoteTestNG.java:204)
	at org.testng.remote.RemoteTestNG.main(RemoteTestNG.java:175)
]]>
            </full-stacktrace>
          </exception> <!-- org.openqa.selenium.NoSuchElementException -->
          <reporter-output>
            <line>
              <![CDATA[Launched Home page successfully]]>
            </line>
            <line>
              <![CDATA[Clicked on Login link]]>
            </line>
          </reporter-output>
        </test-method> <!-- addSKUItem -->
        <test-method status="PASS" signature="afterMethod(org.testng.ITestResult)[pri:0, instance:com.staples.saf.test.ATC001_Staples_AddSKUItem@297e0d]" name="afterMethod" is-config="true" duration-ms="57092" started-at="2014-12-04T16:22:04Z" finished-at="2014-12-04T16:23:01Z">
          <params>
            <param index="0">
              <value>
                <![CDATA[[TestResult name=addSKUItem status=FAILURE method=ATC001_Staples_AddSKUItem.addSKUItem()[pri:0, instance:com.staples.saf.test.ATC001_Staples_AddSKUItem@297e0d] output=Launched Home page successfully]]]>
              </value>
            </param>
          </params>
          <reporter-output>
          </reporter-output>
        </test-method> <!-- afterMethod -->
      </class> <!-- com.staples.saf.test.ATC001_Staples_AddSKUItem -->
    </test> <!-- Default test -->
  </suite> <!-- Default suite -->
</testng-results>
